Analysis & Synthesis report for Relojx
Sun Aug 11 20:40:35 2024
Quartus Prime Version 23.1std.1 Build 993 05/14/2024 SC Lite Edition


---------------------
; Table of Contents ;
---------------------
  1. Legal Notice
  2. Analysis & Synthesis Summary
  3. Analysis & Synthesis Settings
  4. Parallel Compilation
  5. Analysis & Synthesis Source Files Read
  6. Analysis & Synthesis Resource Usage Summary
  7. Analysis & Synthesis Resource Utilization by Entity
  8. User-Specified and Inferred Latches
  9. General Register Statistics
 10. Multiplexer Restructuring Statistics (Restructuring Performed)
 11. Parameter Settings for User Entity Instance: Top-level Entity: |Relojx
 12. Parameter Settings for Inferred Entity Instance: lpm_divide:Div0
 13. Parameter Settings for Inferred Entity Instance: lpm_divide:Div1
 14. Parameter Settings for Inferred Entity Instance: lpm_divide:Div2
 15. Port Connectivity Checks: "bcd2bin:b"
 16. Post-Synthesis Netlist Statistics for Top Partition
 17. Elapsed Time Per Partition
 18. Analysis & Synthesis Messages
 19. Analysis & Synthesis Suppressed Messages



----------------
; Legal Notice ;
----------------
Copyright (C) 2024  Intel Corporation. All rights reserved.
Your use of Intel Corporation's design tools, logic functions 
and other software and tools, and any partner logic 
functions, and any output files from any of the foregoing 
(including device programming or simulation files), and any 
associated documentation or information are expressly subject 
to the terms and conditions of the Intel Program License 
Subscription Agreement, the Intel Quartus Prime License Agreement,
the Intel FPGA IP License Agreement, or other applicable license
agreement, including, without limitation, that your use is for
the sole purpose of programming logic devices manufactured by
Intel and sold by Intel or its authorized distributors.  Please
refer to the applicable agreement for further details, at
https://fpgasoftware.intel.com/eula.



+-------------------------------------------------------------------------------------+
; Analysis & Synthesis Summary                                                        ;
+------------------------------------+------------------------------------------------+
; Analysis & Synthesis Status        ; Successful - Sun Aug 11 20:40:35 2024          ;
; Quartus Prime Version              ; 23.1std.1 Build 993 05/14/2024 SC Lite Edition ;
; Revision Name                      ; Relojx                                         ;
; Top-level Entity Name              ; Relojx                                         ;
; Family                             ; Cyclone IV E                                   ;
; Total logic elements               ; 619                                            ;
;     Total combinational functions  ; 619                                            ;
;     Dedicated logic registers      ; 49                                             ;
; Total registers                    ; 49                                             ;
; Total pins                         ; 19                                             ;
; Total virtual pins                 ; 0                                              ;
; Total memory bits                  ; 0                                              ;
; Embedded Multiplier 9-bit elements ; 0                                              ;
; Total PLLs                         ; 0                                              ;
+------------------------------------+------------------------------------------------+


+------------------------------------------------------------------------------------------------------------+
; Analysis & Synthesis Settings                                                                              ;
+------------------------------------------------------------------+--------------------+--------------------+
; Option                                                           ; Setting            ; Default Value      ;
+------------------------------------------------------------------+--------------------+--------------------+
; Device                                                           ; EP4CE6E22C8        ;                    ;
; Top-level entity name                                            ; Relojx             ; Relojx             ;
; Family name                                                      ; Cyclone IV E       ; Cyclone V          ;
; Use smart compilation                                            ; Off                ; Off                ;
; Enable parallel Assembler and Timing Analyzer during compilation ; On                 ; On                 ;
; Enable compact report table                                      ; Off                ; Off                ;
; Restructure Multiplexers                                         ; Auto               ; Auto               ;
; Create Debugging Nodes for IP Cores                              ; Off                ; Off                ;
; Preserve fewer node names                                        ; On                 ; On                 ;
; Intel FPGA IP Evaluation Mode                                    ; Enable             ; Enable             ;
; Verilog Version                                                  ; Verilog_2001       ; Verilog_2001       ;
; VHDL Version                                                     ; VHDL_1993          ; VHDL_1993          ;
; State Machine Processing                                         ; Auto               ; Auto               ;
; Safe State Machine                                               ; Off                ; Off                ;
; Extract Verilog State Machines                                   ; On                 ; On                 ;
; Extract VHDL State Machines                                      ; On                 ; On                 ;
; Ignore Verilog initial constructs                                ; Off                ; Off                ;
; Iteration limit for constant Verilog loops                       ; 5000               ; 5000               ;
; Iteration limit for non-constant Verilog loops                   ; 250                ; 250                ;
; Add Pass-Through Logic to Inferred RAMs                          ; On                 ; On                 ;
; Infer RAMs from Raw Logic                                        ; On                 ; On                 ;
; Parallel Synthesis                                               ; On                 ; On                 ;
; DSP Block Balancing                                              ; Auto               ; Auto               ;
; NOT Gate Push-Back                                               ; On                 ; On                 ;
; Power-Up Don't Care                                              ; On                 ; On                 ;
; Remove Redundant Logic Cells                                     ; Off                ; Off                ;
; Remove Duplicate Registers                                       ; On                 ; On                 ;
; Ignore CARRY Buffers                                             ; Off                ; Off                ;
; Ignore CASCADE Buffers                                           ; Off                ; Off                ;
; Ignore GLOBAL Buffers                                            ; Off                ; Off                ;
; Ignore ROW GLOBAL Buffers                                        ; Off                ; Off                ;
; Ignore LCELL Buffers                                             ; Off                ; Off                ;
; Ignore SOFT Buffers                                              ; On                 ; On                 ;
; Limit AHDL Integers to 32 Bits                                   ; Off                ; Off                ;
; Optimization Technique                                           ; Balanced           ; Balanced           ;
; Carry Chain Length                                               ; 70                 ; 70                 ;
; Auto Carry Chains                                                ; On                 ; On                 ;
; Auto Open-Drain Pins                                             ; On                 ; On                 ;
; Perform WYSIWYG Primitive Resynthesis                            ; Off                ; Off                ;
; Auto ROM Replacement                                             ; On                 ; On                 ;
; Auto RAM Replacement                                             ; On                 ; On                 ;
; Auto DSP Block Replacement                                       ; On                 ; On                 ;
; Auto Shift Register Replacement                                  ; Auto               ; Auto               ;
; Allow Shift Register Merging across Hierarchies                  ; Auto               ; Auto               ;
; Auto Clock Enable Replacement                                    ; On                 ; On                 ;
; Strict RAM Replacement                                           ; Off                ; Off                ;
; Allow Synchronous Control Signals                                ; On                 ; On                 ;
; Force Use of Synchronous Clear Signals                           ; Off                ; Off                ;
; Auto RAM Block Balancing                                         ; On                 ; On                 ;
; Auto RAM to Logic Cell Conversion                                ; Off                ; Off                ;
; Auto Resource Sharing                                            ; Off                ; Off                ;
; Allow Any RAM Size For Recognition                               ; Off                ; Off                ;
; Allow Any ROM Size For Recognition                               ; Off                ; Off                ;
; Allow Any Shift Register Size For Recognition                    ; Off                ; Off                ;
; Use LogicLock Constraints during Resource Balancing              ; On                 ; On                 ;
; Ignore translate_off and synthesis_off directives                ; Off                ; Off                ;
; Timing-Driven Synthesis                                          ; On                 ; On                 ;
; Report Parameter Settings                                        ; On                 ; On                 ;
; Report Source Assignments                                        ; On                 ; On                 ;
; Report Connectivity Checks                                       ; On                 ; On                 ;
; Ignore Maximum Fan-Out Assignments                               ; Off                ; Off                ;
; Synchronization Register Chain Length                            ; 2                  ; 2                  ;
; Power Optimization During Synthesis                              ; Normal compilation ; Normal compilation ;
; HDL message level                                                ; Level2             ; Level2             ;
; Suppress Register Optimization Related Messages                  ; Off                ; Off                ;
; Number of Removed Registers Reported in Synthesis Report         ; 5000               ; 5000               ;
; Number of Swept Nodes Reported in Synthesis Report               ; 5000               ; 5000               ;
; Number of Inverted Registers Reported in Synthesis Report        ; 100                ; 100                ;
; Clock MUX Protection                                             ; On                 ; On                 ;
; Auto Gated Clock Conversion                                      ; Off                ; Off                ;
; Block Design Naming                                              ; Auto               ; Auto               ;
; SDC constraint protection                                        ; Off                ; Off                ;
; Synthesis Effort                                                 ; Auto               ; Auto               ;
; Shift Register Replacement - Allow Asynchronous Clear Signal     ; On                 ; On                 ;
; Pre-Mapping Resynthesis Optimization                             ; Off                ; Off                ;
; Analysis & Synthesis Message Level                               ; Medium             ; Medium             ;
; Disable Register Merging Across Hierarchies                      ; Auto               ; Auto               ;
; Resource Aware Inference For Block RAM                           ; On                 ; On                 ;
+------------------------------------------------------------------+--------------------+--------------------+


+------------------------------------------+
; Parallel Compilation                     ;
+----------------------------+-------------+
; Processors                 ; Number      ;
+----------------------------+-------------+
; Number detected on machine ; 12          ;
; Maximum allowed            ; 12          ;
;                            ;             ;
; Average used               ; 1.00        ;
; Maximum used               ; 12          ;
;                            ;             ;
; Usage by Processor         ; % Time Used ;
;     Processor 1            ; 100.0%      ;
;     Processor 2            ;   0.0%      ;
;     Processors 3-12        ;   0.0%      ;
+----------------------------+-------------+


+---------------------------------------------------------------------------------------------------------------------------------------------------------------+
; Analysis & Synthesis Source Files Read                                                                                                                        ;
+----------------------------------+-----------------+------------------------------+-----------------------------------------------------------------+---------+
; File Name with User-Entered Path ; Used in Netlist ; File Type                    ; File Name with Absolute Path                                    ; Library ;
+----------------------------------+-----------------+------------------------------+-----------------------------------------------------------------+---------+
; Relojx.v                         ; yes             ; User Verilog HDL File        ; D:/Quartus2/Relojx.v                                            ;         ;
; bcd2bin.v                        ; yes             ; User Verilog HDL File        ; D:/Quartus2/bcd2bin.v                                           ;         ;
; lpm_divide.tdf                   ; yes             ; Megafunction                 ; d:/quartus2/quartus/libraries/megafunctions/lpm_divide.tdf      ;         ;
; abs_divider.inc                  ; yes             ; Megafunction                 ; d:/quartus2/quartus/libraries/megafunctions/abs_divider.inc     ;         ;
; sign_div_unsign.inc              ; yes             ; Megafunction                 ; d:/quartus2/quartus/libraries/megafunctions/sign_div_unsign.inc ;         ;
; aglobal231.inc                   ; yes             ; Megafunction                 ; d:/quartus2/quartus/libraries/megafunctions/aglobal231.inc      ;         ;
; db/lpm_divide_0jm.tdf            ; yes             ; Auto-Generated Megafunction  ; D:/Quartus2/db/lpm_divide_0jm.tdf                               ;         ;
; db/sign_div_unsign_olh.tdf       ; yes             ; Auto-Generated Megafunction  ; D:/Quartus2/db/sign_div_unsign_olh.tdf                          ;         ;
; db/alt_u_div_47f.tdf             ; yes             ; Auto-Generated Megafunction  ; D:/Quartus2/db/alt_u_div_47f.tdf                                ;         ;
; db/add_sub_7pc.tdf               ; yes             ; Auto-Generated Megafunction  ; D:/Quartus2/db/add_sub_7pc.tdf                                  ;         ;
; db/add_sub_8pc.tdf               ; yes             ; Auto-Generated Megafunction  ; D:/Quartus2/db/add_sub_8pc.tdf                                  ;         ;
; db/lpm_divide_3jm.tdf            ; yes             ; Auto-Generated Megafunction  ; D:/Quartus2/db/lpm_divide_3jm.tdf                               ;         ;
; db/sign_div_unsign_rlh.tdf       ; yes             ; Auto-Generated Megafunction  ; D:/Quartus2/db/sign_div_unsign_rlh.tdf                          ;         ;
; db/alt_u_div_a7f.tdf             ; yes             ; Auto-Generated Megafunction  ; D:/Quartus2/db/alt_u_div_a7f.tdf                                ;         ;
; db/lpm_divide_dkm.tdf            ; yes             ; Auto-Generated Megafunction  ; D:/Quartus2/db/lpm_divide_dkm.tdf                               ;         ;
; db/sign_div_unsign_5nh.tdf       ; yes             ; Auto-Generated Megafunction  ; D:/Quartus2/db/sign_div_unsign_5nh.tdf                          ;         ;
; db/alt_u_div_u9f.tdf             ; yes             ; Auto-Generated Megafunction  ; D:/Quartus2/db/alt_u_div_u9f.tdf                                ;         ;
+----------------------------------+-----------------+------------------------------+-----------------------------------------------------------------+---------+


+-----------------------------------------------------------+
; Analysis & Synthesis Resource Usage Summary               ;
+---------------------------------------------+-------------+
; Resource                                    ; Usage       ;
+---------------------------------------------+-------------+
; Estimated Total logic elements              ; 619         ;
;                                             ;             ;
; Total combinational functions               ; 619         ;
; Logic element usage by number of LUT inputs ;             ;
;     -- 4 input functions                    ; 197         ;
;     -- 3 input functions                    ; 147         ;
;     -- <=2 input functions                  ; 275         ;
;                                             ;             ;
; Logic elements by mode                      ;             ;
;     -- normal mode                          ; 463         ;
;     -- arithmetic mode                      ; 156         ;
;                                             ;             ;
; Total registers                             ; 49          ;
;     -- Dedicated logic registers            ; 49          ;
;     -- I/O registers                        ; 0           ;
;                                             ;             ;
; I/O pins                                    ; 19          ;
;                                             ;             ;
; Embedded Multiplier 9-bit elements          ; 0           ;
;                                             ;             ;
; Maximum fan-out node                        ; reset~input ;
; Maximum fan-out                             ; 31          ;
; Total fan-out                               ; 1890        ;
; Average fan-out                             ; 2.68        ;
+---------------------------------------------+-------------+


+------------------------------------------------------------------------------------------------------------------------------------------------------------------------------------------------------------------------------------------------------------------------------------------------------------------+
; Analysis & Synthesis Resource Utilization by Entity                                                                                                                                                                                                                                                              ;
+----------------------------------------+---------------------+---------------------------+-------------+--------------+---------+-----------+------+--------------+---------------------------------------------------------------------------------------------------------+---------------------+--------------+
; Compilation Hierarchy Node             ; Combinational ALUTs ; Dedicated Logic Registers ; Memory Bits ; DSP Elements ; DSP 9x9 ; DSP 18x18 ; Pins ; Virtual Pins ; Full Hierarchy Name                                                                                     ; Entity Name         ; Library Name ;
+----------------------------------------+---------------------+---------------------------+-------------+--------------+---------+-----------+------+--------------+---------------------------------------------------------------------------------------------------------+---------------------+--------------+
; |Relojx                                ; 619 (109)           ; 49 (49)                   ; 0           ; 0            ; 0       ; 0         ; 19   ; 0            ; |Relojx                                                                                                 ; Relojx              ; work         ;
;    |bcd2bin:b|                         ; 96 (96)             ; 0 (0)                     ; 0           ; 0            ; 0       ; 0         ; 0    ; 0            ; |Relojx|bcd2bin:b                                                                                       ; bcd2bin             ; work         ;
;    |lpm_divide:Div0|                   ; 134 (0)             ; 0 (0)                     ; 0           ; 0            ; 0       ; 0         ; 0    ; 0            ; |Relojx|lpm_divide:Div0                                                                                 ; lpm_divide          ; work         ;
;       |lpm_divide_0jm:auto_generated|  ; 134 (0)             ; 0 (0)                     ; 0           ; 0            ; 0       ; 0         ; 0    ; 0            ; |Relojx|lpm_divide:Div0|lpm_divide_0jm:auto_generated                                                   ; lpm_divide_0jm      ; work         ;
;          |sign_div_unsign_olh:divider| ; 134 (0)             ; 0 (0)                     ; 0           ; 0            ; 0       ; 0         ; 0    ; 0            ; |Relojx|lpm_divide:Div0|lpm_divide_0jm:auto_generated|sign_div_unsign_olh:divider                       ; sign_div_unsign_olh ; work         ;
;             |alt_u_div_47f:divider|    ; 134 (134)           ; 0 (0)                     ; 0           ; 0            ; 0       ; 0         ; 0    ; 0            ; |Relojx|lpm_divide:Div0|lpm_divide_0jm:auto_generated|sign_div_unsign_olh:divider|alt_u_div_47f:divider ; alt_u_div_47f       ; work         ;
;    |lpm_divide:Div1|                   ; 157 (0)             ; 0 (0)                     ; 0           ; 0            ; 0       ; 0         ; 0    ; 0            ; |Relojx|lpm_divide:Div1                                                                                 ; lpm_divide          ; work         ;
;       |lpm_divide_3jm:auto_generated|  ; 157 (0)             ; 0 (0)                     ; 0           ; 0            ; 0       ; 0         ; 0    ; 0            ; |Relojx|lpm_divide:Div1|lpm_divide_3jm:auto_generated                                                   ; lpm_divide_3jm      ; work         ;
;          |sign_div_unsign_rlh:divider| ; 157 (0)             ; 0 (0)                     ; 0           ; 0            ; 0       ; 0         ; 0    ; 0            ; |Relojx|lpm_divide:Div1|lpm_divide_3jm:auto_generated|sign_div_unsign_rlh:divider                       ; sign_div_unsign_rlh ; work         ;
;             |alt_u_div_a7f:divider|    ; 157 (157)           ; 0 (0)                     ; 0           ; 0            ; 0       ; 0         ; 0    ; 0            ; |Relojx|lpm_divide:Div1|lpm_divide_3jm:auto_generated|sign_div_unsign_rlh:divider|alt_u_div_a7f:divider ; alt_u_div_a7f       ; work         ;
;    |lpm_divide:Div2|                   ; 123 (0)             ; 0 (0)                     ; 0           ; 0            ; 0       ; 0         ; 0    ; 0            ; |Relojx|lpm_divide:Div2                                                                                 ; lpm_divide          ; work         ;
;       |lpm_divide_dkm:auto_generated|  ; 123 (0)             ; 0 (0)                     ; 0           ; 0            ; 0       ; 0         ; 0    ; 0            ; |Relojx|lpm_divide:Div2|lpm_divide_dkm:auto_generated                                                   ; lpm_divide_dkm      ; work         ;
;          |sign_div_unsign_5nh:divider| ; 123 (0)             ; 0 (0)                     ; 0           ; 0            ; 0       ; 0         ; 0    ; 0            ; |Relojx|lpm_divide:Div2|lpm_divide_dkm:auto_generated|sign_div_unsign_5nh:divider                       ; sign_div_unsign_5nh ; work         ;
;             |alt_u_div_u9f:divider|    ; 123 (123)           ; 0 (0)                     ; 0           ; 0            ; 0       ; 0         ; 0    ; 0            ; |Relojx|lpm_divide:Div2|lpm_divide_dkm:auto_generated|sign_div_unsign_5nh:divider|alt_u_div_u9f:divider ; alt_u_div_u9f       ; work         ;
+----------------------------------------+---------------------+---------------------------+-------------+--------------+---------+-----------+------+--------------+---------------------------------------------------------------------------------------------------------+---------------------+--------------+
Note: For table entries with two numbers listed, the numbers in parentheses indicate the number of resources of the given type used by the specific entity alone. The numbers listed outside of parentheses indicate the total resources of the given type used by the specific entity and all of its sub-entities in the hierarchy.


+---------------------------------------------------------------------------------------------------+
; User-Specified and Inferred Latches                                                               ;
+----------------------------------------------------+---------------------+------------------------+
; Latch Name                                         ; Latch Enable Signal ; Free of Timing Hazards ;
+----------------------------------------------------+---------------------+------------------------+
; an[0]$latch                                        ; GND                 ; yes                    ;
; an[1]$latch                                        ; GND                 ; yes                    ;
; an[2]$latch                                        ; GND                 ; yes                    ;
; an[3]$latch                                        ; GND                 ; yes                    ;
; Number of user-specified and inferred latches = 4  ;                     ;                        ;
+----------------------------------------------------+---------------------+------------------------+
Note: All latches listed above may not be present at the end of synthesis due to various synthesis optimizations.


+------------------------------------------------------+
; General Register Statistics                          ;
+----------------------------------------------+-------+
; Statistic                                    ; Value ;
+----------------------------------------------+-------+
; Total registers                              ; 49    ;
; Number of registers using Synchronous Clear  ; 0     ;
; Number of registers using Synchronous Load   ; 0     ;
; Number of registers using Asynchronous Clear ; 31    ;
; Number of registers using Asynchronous Load  ; 0     ;
; Number of registers using Clock Enable       ; 0     ;
; Number of registers using Preset             ; 0     ;
+----------------------------------------------+-------+


+------------------------------------------------------------------------------------------------------------------------------------------+
; Multiplexer Restructuring Statistics (Restructuring Performed)                                                                           ;
+--------------------+-----------+---------------+----------------------+------------------------+------------+----------------------------+
; Multiplexer Inputs ; Bus Width ; Baseline Area ; Area if Restructured ; Saving if Restructured ; Registered ; Example Multiplexer Output ;
+--------------------+-----------+---------------+----------------------+------------------------+------------+----------------------------+
; 4:1                ; 14 bits   ; 28 LEs        ; 28 LEs               ; 0 LEs                  ; No         ; |Relojx|Mux13              ;
; 3:1                ; 2 bits    ; 4 LEs         ; 2 LEs                ; 2 LEs                  ; No         ; |Relojx|an[3]              ;
; 11:1               ; 3 bits    ; 21 LEs        ; 15 LEs               ; 6 LEs                  ; No         ; |Relojx|Mux2               ;
+--------------------+-----------+---------------+----------------------+------------------------+------------+----------------------------+


+------------------------------------------------------------------------+
; Parameter Settings for User Entity Instance: Top-level Entity: |Relojx ;
+----------------+-------+-----------------------------------------------+
; Parameter Name ; Value ; Type                                          ;
+----------------+-------+-----------------------------------------------+
; DIVISOR        ; 50000 ; Signed Integer                                ;
+----------------+-------+-----------------------------------------------+
Note: In order to hide this table in the UI and the text report file, please set the "Show Parameter Settings in Synthesis Report" option in "Analysis and Synthesis Settings -> More Settings" to "Off".


+------------------------------------------------------------------+
; Parameter Settings for Inferred Entity Instance: lpm_divide:Div0 ;
+------------------------+----------------+------------------------+
; Parameter Name         ; Value          ; Type                   ;
+------------------------+----------------+------------------------+
; LPM_WIDTHN             ; 14             ; Untyped                ;
; LPM_WIDTHD             ; 4              ; Untyped                ;
; LPM_NREPRESENTATION    ; UNSIGNED       ; Untyped                ;
; LPM_DREPRESENTATION    ; UNSIGNED       ; Untyped                ;
; LPM_PIPELINE           ; 0              ; Untyped                ;
; LPM_REMAINDERPOSITIVE  ; TRUE           ; Untyped                ;
; MAXIMIZE_SPEED         ; 5              ; Untyped                ;
; CBXI_PARAMETER         ; lpm_divide_0jm ; Untyped                ;
; CARRY_CHAIN            ; MANUAL         ; Untyped                ;
; OPTIMIZE_FOR_SPEED     ; 5              ; Untyped                ;
; AUTO_CARRY_CHAINS      ; ON             ; AUTO_CARRY             ;
; IGNORE_CARRY_BUFFERS   ; OFF            ; IGNORE_CARRY           ;
; AUTO_CASCADE_CHAINS    ; ON             ; AUTO_CASCADE           ;
; IGNORE_CASCADE_BUFFERS ; OFF            ; IGNORE_CASCADE         ;
+------------------------+----------------+------------------------+
Note: In order to hide this table in the UI and the text report file, please set the "Show Parameter Settings in Synthesis Report" option in "Analysis and Synthesis Settings -> More Settings" to "Off".


+------------------------------------------------------------------+
; Parameter Settings for Inferred Entity Instance: lpm_divide:Div1 ;
+------------------------+----------------+------------------------+
; Parameter Name         ; Value          ; Type                   ;
+------------------------+----------------+------------------------+
; LPM_WIDTHN             ; 14             ; Untyped                ;
; LPM_WIDTHD             ; 7              ; Untyped                ;
; LPM_NREPRESENTATION    ; UNSIGNED       ; Untyped                ;
; LPM_DREPRESENTATION    ; UNSIGNED       ; Untyped                ;
; LPM_PIPELINE           ; 0              ; Untyped                ;
; LPM_REMAINDERPOSITIVE  ; TRUE           ; Untyped                ;
; MAXIMIZE_SPEED         ; 5              ; Untyped                ;
; CBXI_PARAMETER         ; lpm_divide_3jm ; Untyped                ;
; CARRY_CHAIN            ; MANUAL         ; Untyped                ;
; OPTIMIZE_FOR_SPEED     ; 5              ; Untyped                ;
; AUTO_CARRY_CHAINS      ; ON             ; AUTO_CARRY             ;
; IGNORE_CARRY_BUFFERS   ; OFF            ; IGNORE_CARRY           ;
; AUTO_CASCADE_CHAINS    ; ON             ; AUTO_CASCADE           ;
; IGNORE_CASCADE_BUFFERS ; OFF            ; IGNORE_CASCADE         ;
+------------------------+----------------+------------------------+
Note: In order to hide this table in the UI and the text report file, please set the "Show Parameter Settings in Synthesis Report" option in "Analysis and Synthesis Settings -> More Settings" to "Off".


+------------------------------------------------------------------+
; Parameter Settings for Inferred Entity Instance: lpm_divide:Div2 ;
+------------------------+----------------+------------------------+
; Parameter Name         ; Value          ; Type                   ;
+------------------------+----------------+------------------------+
; LPM_WIDTHN             ; 14             ; Untyped                ;
; LPM_WIDTHD             ; 10             ; Untyped                ;
; LPM_NREPRESENTATION    ; UNSIGNED       ; Untyped                ;
; LPM_DREPRESENTATION    ; UNSIGNED       ; Untyped                ;
; LPM_PIPELINE           ; 0              ; Untyped                ;
; LPM_REMAINDERPOSITIVE  ; TRUE           ; Untyped                ;
; MAXIMIZE_SPEED         ; 5              ; Untyped                ;
; CBXI_PARAMETER         ; lpm_divide_dkm ; Untyped                ;
; CARRY_CHAIN            ; MANUAL         ; Untyped                ;
; OPTIMIZE_FOR_SPEED     ; 5              ; Untyped                ;
; AUTO_CARRY_CHAINS      ; ON             ; AUTO_CARRY             ;
; IGNORE_CARRY_BUFFERS   ; OFF            ; IGNORE_CARRY           ;
; AUTO_CASCADE_CHAINS    ; ON             ; AUTO_CASCADE           ;
; IGNORE_CASCADE_BUFFERS ; OFF            ; IGNORE_CASCADE         ;
+------------------------+----------------+------------------------+
Note: In order to hide this table in the UI and the text report file, please set the "Show Parameter Settings in Synthesis Report" option in "Analysis and Synthesis Settings -> More Settings" to "Off".


+--------------------------------------------------------------------------------------------------------------------------------------------------------------------------------------------------------------+
; Port Connectivity Checks: "bcd2bin:b"                                                                                                                                                                        ;
+------+-------+----------+------------------------------------------------------------------------------------------------------------------------------------------------------------------------------------+
; Port ; Type  ; Severity ; Details                                                                                                                                                                            ;
+------+-------+----------+------------------------------------------------------------------------------------------------------------------------------------------------------------------------------------+
; bin  ; Input ; Warning  ; Input port expression (16 bits) is wider than the input port (14 bits) it drives.  The 2 most-significant bit(s) in the expression will be dangling if they have no other fanouts. ;
+------+-------+----------+------------------------------------------------------------------------------------------------------------------------------------------------------------------------------------+


+-----------------------------------------------------+
; Post-Synthesis Netlist Statistics for Top Partition ;
+-----------------------+-----------------------------+
; Type                  ; Count                       ;
+-----------------------+-----------------------------+
; boundary_port         ; 19                          ;
; cycloneiii_ff         ; 49                          ;
;     CLR               ; 31                          ;
;     plain             ; 18                          ;
; cycloneiii_lcell_comb ; 619                         ;
;     arith             ; 156                         ;
;         2 data inputs ; 41                          ;
;         3 data inputs ; 115                         ;
;     normal            ; 463                         ;
;         0 data inputs ; 24                          ;
;         1 data inputs ; 4                           ;
;         2 data inputs ; 206                         ;
;         3 data inputs ; 32                          ;
;         4 data inputs ; 197                         ;
;                       ;                             ;
; Max LUT depth         ; 30.30                       ;
; Average LUT depth     ; 21.38                       ;
+-----------------------+-----------------------------+


+-------------------------------+
; Elapsed Time Per Partition    ;
+----------------+--------------+
; Partition Name ; Elapsed Time ;
+----------------+--------------+
; Top            ; 00:00:01     ;
+----------------+--------------+


+-------------------------------+
; Analysis & Synthesis Messages ;
+-------------------------------+
Info: *******************************************************************
Info: Running Quartus Prime Analysis & Synthesis
    Info: Version 23.1std.1 Build 993 05/14/2024 SC Lite Edition
    Info: Processing started: Sun Aug 11 20:40:29 2024
Info: Command: quartus_map --read_settings_files=on --write_settings_files=off Relojx -c Relojx
Warning (18236): Number of processors has not been specified which may cause overloading on shared machines.  Set the global assignment NUM_PARALLEL_PROCESSORS in your QSF to an appropriate value for best performance.
Info (20030): Parallel compilation is enabled and will use 12 of the 12 processors detected
Info (12021): Found 1 design units, including 1 entities, in source file relojx.v
    Info (12023): Found entity 1: Relojx File: D:/Quartus2/Relojx.v Line: 1
Info (12021): Found 1 design units, including 1 entities, in source file bcd2bin.v
    Info (12023): Found entity 1: bcd2bin File: D:/Quartus2/bcd2bin.v Line: 1
Info (12127): Elaborating entity "Relojx" for the top level hierarchy
Warning (10230): Verilog HDL assignment warning at Relojx.v(33): truncated value with size 32 to match size of target (16) File: D:/Quartus2/Relojx.v Line: 33
Warning (10230): Verilog HDL assignment warning at Relojx.v(42): truncated value with size 32 to match size of target (14) File: D:/Quartus2/Relojx.v Line: 42
Warning (10230): Verilog HDL assignment warning at Relojx.v(51): truncated value with size 32 to match size of target (16) File: D:/Quartus2/Relojx.v Line: 51
Warning (10230): Verilog HDL assignment warning at Relojx.v(52): truncated value with size 32 to match size of target (16) File: D:/Quartus2/Relojx.v Line: 52
Warning (10230): Verilog HDL assignment warning at Relojx.v(53): truncated value with size 32 to match size of target (16) File: D:/Quartus2/Relojx.v Line: 53
Warning (10230): Verilog HDL assignment warning at Relojx.v(78): truncated value with size 32 to match size of target (3) File: D:/Quartus2/Relojx.v Line: 78
Warning (10240): Verilog HDL Always Construct warning at Relojx.v(85): inferring latch(es) for variable "an", which holds its previous value in one or more paths through the always construct File: D:/Quartus2/Relojx.v Line: 85
Info (10041): Inferred latch for "an[0]" at Relojx.v(85) File: D:/Quartus2/Relojx.v Line: 85
Info (10041): Inferred latch for "an[1]" at Relojx.v(85) File: D:/Quartus2/Relojx.v Line: 85
Info (10041): Inferred latch for "an[2]" at Relojx.v(85) File: D:/Quartus2/Relojx.v Line: 85
Info (10041): Inferred latch for "an[3]" at Relojx.v(85) File: D:/Quartus2/Relojx.v Line: 85
Info (12128): Elaborating entity "bcd2bin" for hierarchy "bcd2bin:b" File: D:/Quartus2/Relojx.v Line: 110
Warning (10230): Verilog HDL assignment warning at bcd2bin.v(11): truncated value with size 32 to match size of target (4) File: D:/Quartus2/bcd2bin.v Line: 11
Warning (10230): Verilog HDL assignment warning at bcd2bin.v(12): truncated value with size 32 to match size of target (4) File: D:/Quartus2/bcd2bin.v Line: 12
Warning (10230): Verilog HDL assignment warning at bcd2bin.v(13): truncated value with size 32 to match size of target (4) File: D:/Quartus2/bcd2bin.v Line: 13
Warning (10230): Verilog HDL assignment warning at bcd2bin.v(14): truncated value with size 32 to match size of target (4) File: D:/Quartus2/bcd2bin.v Line: 14
Info (278001): Inferred 3 megafunctions from design logic
    Info (278004): Inferred divider/modulo megafunction ("lpm_divide") from the following logic: "Div0" File: D:/Quartus2/Relojx.v Line: 51
    Info (278004): Inferred divider/modulo megafunction ("lpm_divide") from the following logic: "Div1" File: D:/Quartus2/Relojx.v Line: 52
    Info (278004): Inferred divider/modulo megafunction ("lpm_divide") from the following logic: "Div2" File: D:/Quartus2/Relojx.v Line: 53
Info (12130): Elaborated megafunction instantiation "lpm_divide:Div0" File: D:/Quartus2/Relojx.v Line: 51
Info (12133): Instantiated megafunction "lpm_divide:Div0" with the following parameter: File: D:/Quartus2/Relojx.v Line: 51
    Info (12134): Parameter "LPM_WIDTHN" = "14"
    Info (12134): Parameter "LPM_WIDTHD" = "4"
    Info (12134): Parameter "LPM_NREPRESENTATION" = "UNSIGNED"
    Info (12134): Parameter "LPM_DREPRESENTATION" = "UNSIGNED"
Info (12021): Found 1 design units, including 1 entities, in source file db/lpm_divide_0jm.tdf
    Info (12023): Found entity 1: lpm_divide_0jm File: D:/Quartus2/db/lpm_divide_0jm.tdf Line: 25
Info (12021): Found 1 design units, including 1 entities, in source file db/sign_div_unsign_olh.tdf
    Info (12023): Found entity 1: sign_div_unsign_olh File: D:/Quartus2/db/sign_div_unsign_olh.tdf Line: 25
Info (12021): Found 1 design units, including 1 entities, in source file db/alt_u_div_47f.tdf
    Info (12023): Found entity 1: alt_u_div_47f File: D:/Quartus2/db/alt_u_div_47f.tdf Line: 27
Info (12021): Found 1 design units, including 1 entities, in source file db/add_sub_7pc.tdf
    Info (12023): Found entity 1: add_sub_7pc File: D:/Quartus2/db/add_sub_7pc.tdf Line: 23
Info (12021): Found 1 design units, including 1 entities, in source file db/add_sub_8pc.tdf
    Info (12023): Found entity 1: add_sub_8pc File: D:/Quartus2/db/add_sub_8pc.tdf Line: 23
Info (12130): Elaborated megafunction instantiation "lpm_divide:Div1" File: D:/Quartus2/Relojx.v Line: 52
Info (12133): Instantiated megafunction "lpm_divide:Div1" with the following parameter: File: D:/Quartus2/Relojx.v Line: 52
    Info (12134): Parameter "LPM_WIDTHN" = "14"
    Info (12134): Parameter "LPM_WIDTHD" = "7"
    Info (12134): Parameter "LPM_NREPRESENTATION" = "UNSIGNED"
    Info (12134): Parameter "LPM_DREPRESENTATION" = "UNSIGNED"
Info (12021): Found 1 design units, including 1 entities, in source file db/lpm_divide_3jm.tdf
    Info (12023): Found entity 1: lpm_divide_3jm File: D:/Quartus2/db/lpm_divide_3jm.tdf Line: 25
Info (12021): Found 1 design units, including 1 entities, in source file db/sign_div_unsign_rlh.tdf
    Info (12023): Found entity 1: sign_div_unsign_rlh File: D:/Quartus2/db/sign_div_unsign_rlh.tdf Line: 25
Info (12021): Found 1 design units, including 1 entities, in source file db/alt_u_div_a7f.tdf
    Info (12023): Found entity 1: alt_u_div_a7f File: D:/Quartus2/db/alt_u_div_a7f.tdf Line: 27
Info (12130): Elaborated megafunction instantiation "lpm_divide:Div2" File: D:/Quartus2/Relojx.v Line: 53
Info (12133): Instantiated megafunction "lpm_divide:Div2" with the following parameter: File: D:/Quartus2/Relojx.v Line: 53
    Info (12134): Parameter "LPM_WIDTHN" = "14"
    Info (12134): Parameter "LPM_WIDTHD" = "10"
    Info (12134): Parameter "LPM_NREPRESENTATION" = "UNSIGNED"
    Info (12134): Parameter "LPM_DREPRESENTATION" = "UNSIGNED"
Info (12021): Found 1 design units, including 1 entities, in source file db/lpm_divide_dkm.tdf
    Info (12023): Found entity 1: lpm_divide_dkm File: D:/Quartus2/db/lpm_divide_dkm.tdf Line: 25
Info (12021): Found 1 design units, including 1 entities, in source file db/sign_div_unsign_5nh.tdf
    Info (12023): Found entity 1: sign_div_unsign_5nh File: D:/Quartus2/db/sign_div_unsign_5nh.tdf Line: 25
Info (12021): Found 1 design units, including 1 entities, in source file db/alt_u_div_u9f.tdf
    Info (12023): Found entity 1: alt_u_div_u9f File: D:/Quartus2/db/alt_u_div_u9f.tdf Line: 27
Warning (12241): 1 hierarchies have connectivity warnings - see the Connectivity Checks report folder
Info (286030): Timing-Driven Synthesis is running
Info (144001): Generated suppressed messages file D:/Quartus2/output_files/Relojx.map.smsg
Info (16010): Generating hard_block partition "hard_block:auto_generated_inst"
    Info (16011): Adding 0 node(s), including 0 DDIO, 0 PLL, 0 transceiver and 0 LCELL
Info (21057): Implemented 645 device resources after synthesis - the final resource count might be different
    Info (21058): Implemented 4 input pins
    Info (21059): Implemented 15 output pins
    Info (21061): Implemented 626 logic cells
Info: Quartus Prime Analysis & Synthesis was successful. 0 errors, 13 warnings
    Info: Peak virtual memory: 4831 megabytes
    Info: Processing ended: Sun Aug 11 20:40:35 2024
    Info: Elapsed time: 00:00:06
    Info: Total CPU time (on all processors): 00:00:14


+------------------------------------------+
; Analysis & Synthesis Suppressed Messages ;
+------------------------------------------+
The suppressed messages can be found in D:/Quartus2/output_files/Relojx.map.smsg.


